{"C:\\Users\\aleks\\Documents\\code\\learn\\js\\projects\\calory_calc\\js\\btn-validation\\btn-component.js": {"path":"C:\\Users\\aleks\\Documents\\code\\learn\\js\\projects\\calory_calc\\js\\btn-validation\\btn-component.js","statementMap":{"0":{"start":{"line":4,"column":25},"end":{"line":4,"column":29}},"1":{"start":{"line":6,"column":8},"end":{"line":10,"column":9}},"2":{"start":{"line":6,"column":21},"end":{"line":6,"column":22}},"3":{"start":{"line":7,"column":12},"end":{"line":9,"column":13}},"4":{"start":{"line":8,"column":16},"end":{"line":8,"column":35}},"5":{"start":{"line":12,"column":8},"end":{"line":12,"column":26}},"6":{"start":{"line":16,"column":25},"end":{"line":16,"column":30}},"7":{"start":{"line":18,"column":8},"end":{"line":22,"column":9}},"8":{"start":{"line":18,"column":21},"end":{"line":18,"column":22}},"9":{"start":{"line":19,"column":12},"end":{"line":21,"column":13}},"10":{"start":{"line":20,"column":16},"end":{"line":20,"column":34}},"11":{"start":{"line":24,"column":8},"end":{"line":24,"column":26}},"12":{"start":{"line":28,"column":8},"end":{"line":28,"column":62}},"13":{"start":{"line":32,"column":8},"end":{"line":32,"column":61}}},"fnMap":{"0":{"name":"(anonymous_0)","decl":{"start":{"line":3,"column":4},"end":{"line":3,"column":5}},"loc":{"start":{"line":3,"column":30},"end":{"line":13,"column":5}},"line":3},"1":{"name":"(anonymous_1)","decl":{"start":{"line":15,"column":4},"end":{"line":15,"column":5}},"loc":{"start":{"line":15,"column":31},"end":{"line":25,"column":5}},"line":15},"2":{"name":"(anonymous_2)","decl":{"start":{"line":27,"column":4},"end":{"line":27,"column":5}},"loc":{"start":{"line":27,"column":41},"end":{"line":29,"column":5}},"line":27},"3":{"name":"(anonymous_3)","decl":{"start":{"line":31,"column":4},"end":{"line":31,"column":5}},"loc":{"start":{"line":31,"column":41},"end":{"line":33,"column":5}},"line":31}},"branchMap":{"0":{"loc":{"start":{"line":7,"column":12},"end":{"line":9,"column":13}},"type":"if","locations":[{"start":{"line":7,"column":12},"end":{"line":9,"column":13}},{"start":{"line":7,"column":12},"end":{"line":9,"column":13}}],"line":7},"1":{"loc":{"start":{"line":19,"column":12},"end":{"line":21,"column":13}},"type":"if","locations":[{"start":{"line":19,"column":12},"end":{"line":21,"column":13}},{"start":{"line":19,"column":12},"end":{"line":21,"column":13}}],"line":19}},"s":{"0":4,"1":4,"2":4,"3":12,"4":5,"5":4,"6":2,"7":2,"8":2,"9":6,"10":1,"11":2,"12":0,"13":2},"f":{"0":4,"1":2,"2":0,"3":2},"b":{"0":[5,7],"1":[1,5]},"_coverageSchema":"1a1c01bbd47fc00a2c39e90264f33305004495a9","hash":"9b4f0f6144a100a19bc8d546bf5e6f6c1e76ec24"}
}
